2025-05-27 15:52:56,238 - sentence_transformers.SentenceTransformer - INFO - Load pretrained SentenceTransformer: all-mpnet-base-v2
2025-05-27 15:53:07,248 - sentence_transformers.SentenceTransformer - INFO - Load pretrained SentenceTransformer: all-mpnet-base-v2
2025-05-27 15:53:19,548 - sentence_transformers.SentenceTransformer - INFO - Load pretrained SentenceTransformer: all-mpnet-base-v2
2025-05-27 15:53:47,628 - sentence_transformers.SentenceTransformer - INFO - Load pretrained SentenceTransformer: all-mpnet-base-v2
2025-05-27 15:58:21,210 - sentence_transformers.SentenceTransformer - INFO - Load pretrained SentenceTransformer: all-mpnet-base-v2
2025-05-27 15:59:25,853 - sentence_transformers.SentenceTransformer - INFO - Load pretrained SentenceTransformer: all-mpnet-base-v2
2025-05-27 15:59:44,938 - sentence_transformers.SentenceTransformer - INFO - Load pretrained SentenceTransformer: all-mpnet-base-v2
2025-05-27 16:00:03,608 - sentence_transformers.SentenceTransformer - INFO - Load pretrained SentenceTransformer: all-mpnet-base-v2
2025-05-27 16:00:22,116 - sentence_transformers.SentenceTransformer - INFO - Load pretrained SentenceTransformer: all-mpnet-base-v2
2025-05-27 16:00:39,652 - sentence_transformers.SentenceTransformer - INFO - Load pretrained SentenceTransformer: all-mpnet-base-v2
2025-05-27 16:00:56,559 - sentence_transformers.SentenceTransformer - INFO - Load pretrained SentenceTransformer: all-mpnet-base-v2
2025-05-27 16:01:50,982 - sentence_transformers.SentenceTransformer - INFO - Load pretrained SentenceTransformer: all-mpnet-base-v2
2025-05-28 13:44:05,833 - sentence_transformers.SentenceTransformer - INFO - Load pretrained SentenceTransformer: all-mpnet-base-v2
2025-05-28 13:47:07,854 - sentence_transformers.SentenceTransformer - INFO - Load pretrained SentenceTransformer: all-mpnet-base-v2
2025-05-28 15:36:43,086 - sentence_transformers.SentenceTransformer - INFO - Load pretrained SentenceTransformer: all-mpnet-base-v2
2025-05-28 15:36:52,886 - huggingface_hub.hf_api - WARNING - No files have been modified since last commit. Skipping to prevent empty commit.
2025-05-28 15:38:13,729 - sentence_transformers.SentenceTransformer - INFO - Load pretrained SentenceTransformer: all-mpnet-base-v2
2025-05-28 15:38:22,224 - huggingface_hub.hf_api - WARNING - No files have been modified since last commit. Skipping to prevent empty commit.
2025-05-28 15:38:32,077 - sentence_transformers.SentenceTransformer - INFO - Load pretrained SentenceTransformer: all-mpnet-base-v2
2025-05-28 15:38:40,893 - huggingface_hub.hf_api - WARNING - No files have been modified since last commit. Skipping to prevent empty commit.
2025-05-28 15:38:50,285 - sentence_transformers.SentenceTransformer - INFO - Load pretrained SentenceTransformer: all-mpnet-base-v2
2025-05-28 15:38:58,866 - sentence_transformers.SentenceTransformer - INFO - Load pretrained SentenceTransformer: all-mpnet-base-v2
2025-05-28 15:57:33,670 - sentence_transformers.SentenceTransformer - INFO - Load pretrained SentenceTransformer: all-mpnet-base-v2
2025-05-28 15:59:24,851 - sentence_transformers.SentenceTransformer - INFO - Load pretrained SentenceTransformer: all-mpnet-base-v2
2025-05-28 15:59:33,538 - huggingface_hub.hf_api - WARNING - No files have been modified since last commit. Skipping to prevent empty commit.
2025-05-28 15:59:59,776 - sentence_transformers.SentenceTransformer - INFO - Load pretrained SentenceTransformer: all-mpnet-base-v2
2025-05-28 16:00:07,999 - huggingface_hub.hf_api - WARNING - No files have been modified since last commit. Skipping to prevent empty commit.
2025-05-28 16:03:47,978 - rss_processor.main - ERROR - Unexpected error: 1 validation errors:
  {'type': 'list_type', 'loc': ('response',), 'msg': 'Input should be a valid list', 'input': {'status': 'success', 'sources': [], 'count': 0}}
Traceback (most recent call last):
  File "/Users/bytedance/code/ask_rss/server/venv/lib/python3.13/site-packages/starlette/middleware/errors.py", line 165, in __call__
    await self.app(scope, receive, _send)
  File "/Users/bytedance/code/ask_rss/server/venv/lib/python3.13/site-packages/starlette/middleware/cors.py", line 93, in __call__
    await self.simple_response(scope, receive, send, request_headers=headers)
  File "/Users/bytedance/code/ask_rss/server/venv/lib/python3.13/site-packages/starlette/middleware/cors.py", line 144, in simple_response
    await self.app(scope, receive, send)
  File "/Users/bytedance/code/ask_rss/server/venv/lib/python3.13/site-packages/starlette/middleware/exceptions.py", line 62, in __call__
    await wrap_app_handling_exceptions(self.app, conn)(scope, receive, send)
  File "/Users/bytedance/code/ask_rss/server/venv/lib/python3.13/site-packages/starlette/_exception_handler.py", line 53, in wrapped_app
    raise exc
  File "/Users/bytedance/code/ask_rss/server/venv/lib/python3.13/site-packages/starlette/_exception_handler.py", line 42, in wrapped_app
    await app(scope, receive, sender)
  File "/Users/bytedance/code/ask_rss/server/venv/lib/python3.13/site-packages/starlette/routing.py", line 714, in __call__
    await self.middleware_stack(scope, receive, send)
  File "/Users/bytedance/code/ask_rss/server/venv/lib/python3.13/site-packages/starlette/routing.py", line 734, in app
    await route.handle(scope, receive, send)
  File "/Users/bytedance/code/ask_rss/server/venv/lib/python3.13/site-packages/starlette/routing.py", line 288, in handle
    await self.app(scope, receive, send)
  File "/Users/bytedance/code/ask_rss/server/venv/lib/python3.13/site-packages/starlette/routing.py", line 76, in app
    await wrap_app_handling_exceptions(app, request)(scope, receive, send)
  File "/Users/bytedance/code/ask_rss/server/venv/lib/python3.13/site-packages/starlette/_exception_handler.py", line 53, in wrapped_app
    raise exc
  File "/Users/bytedance/code/ask_rss/server/venv/lib/python3.13/site-packages/starlette/_exception_handler.py", line 42, in wrapped_app
    await app(scope, receive, sender)
  File "/Users/bytedance/code/ask_rss/server/venv/lib/python3.13/site-packages/starlette/routing.py", line 73, in app
    response = await f(request)
               ^^^^^^^^^^^^^^^^
  File "/Users/bytedance/code/ask_rss/server/venv/lib/python3.13/site-packages/fastapi/routing.py", line 327, in app
    content = await serialize_response(
              ^^^^^^^^^^^^^^^^^^^^^^^^^
    ...<9 lines>...
    )
    ^
  File "/Users/bytedance/code/ask_rss/server/venv/lib/python3.13/site-packages/fastapi/routing.py", line 176, in serialize_response
    raise ResponseValidationError(
        errors=_normalize_errors(errors), body=response_content
    )
fastapi.exceptions.ResponseValidationError: 1 validation errors:
  {'type': 'list_type', 'loc': ('response',), 'msg': 'Input should be a valid list', 'input': {'status': 'success', 'sources': [], 'count': 0}}

2025-05-28 16:07:11,661 - rss_processor.main - ERROR - Unexpected error: 1 validation errors:
  {'type': 'list_type', 'loc': ('response',), 'msg': 'Input should be a valid list', 'input': {'status': 'success', 'sources': [], 'count': 0}}
Traceback (most recent call last):
  File "/Users/bytedance/code/ask_rss/server/venv/lib/python3.13/site-packages/starlette/middleware/errors.py", line 165, in __call__
    await self.app(scope, receive, _send)
  File "/Users/bytedance/code/ask_rss/server/venv/lib/python3.13/site-packages/starlette/middleware/cors.py", line 93, in __call__
    await self.simple_response(scope, receive, send, request_headers=headers)
  File "/Users/bytedance/code/ask_rss/server/venv/lib/python3.13/site-packages/starlette/middleware/cors.py", line 144, in simple_response
    await self.app(scope, receive, send)
  File "/Users/bytedance/code/ask_rss/server/venv/lib/python3.13/site-packages/starlette/middleware/exceptions.py", line 62, in __call__
    await wrap_app_handling_exceptions(self.app, conn)(scope, receive, send)
  File "/Users/bytedance/code/ask_rss/server/venv/lib/python3.13/site-packages/starlette/_exception_handler.py", line 53, in wrapped_app
    raise exc
  File "/Users/bytedance/code/ask_rss/server/venv/lib/python3.13/site-packages/starlette/_exception_handler.py", line 42, in wrapped_app
    await app(scope, receive, sender)
  File "/Users/bytedance/code/ask_rss/server/venv/lib/python3.13/site-packages/starlette/routing.py", line 714, in __call__
    await self.middleware_stack(scope, receive, send)
  File "/Users/bytedance/code/ask_rss/server/venv/lib/python3.13/site-packages/starlette/routing.py", line 734, in app
    await route.handle(scope, receive, send)
  File "/Users/bytedance/code/ask_rss/server/venv/lib/python3.13/site-packages/starlette/routing.py", line 288, in handle
    await self.app(scope, receive, send)
  File "/Users/bytedance/code/ask_rss/server/venv/lib/python3.13/site-packages/starlette/routing.py", line 76, in app
    await wrap_app_handling_exceptions(app, request)(scope, receive, send)
  File "/Users/bytedance/code/ask_rss/server/venv/lib/python3.13/site-packages/starlette/_exception_handler.py", line 53, in wrapped_app
    raise exc
  File "/Users/bytedance/code/ask_rss/server/venv/lib/python3.13/site-packages/starlette/_exception_handler.py", line 42, in wrapped_app
    await app(scope, receive, sender)
  File "/Users/bytedance/code/ask_rss/server/venv/lib/python3.13/site-packages/starlette/routing.py", line 73, in app
    response = await f(request)
               ^^^^^^^^^^^^^^^^
  File "/Users/bytedance/code/ask_rss/server/venv/lib/python3.13/site-packages/fastapi/routing.py", line 327, in app
    content = await serialize_response(
              ^^^^^^^^^^^^^^^^^^^^^^^^^
    ...<9 lines>...
    )
    ^
  File "/Users/bytedance/code/ask_rss/server/venv/lib/python3.13/site-packages/fastapi/routing.py", line 176, in serialize_response
    raise ResponseValidationError(
        errors=_normalize_errors(errors), body=response_content
    )
fastapi.exceptions.ResponseValidationError: 1 validation errors:
  {'type': 'list_type', 'loc': ('response',), 'msg': 'Input should be a valid list', 'input': {'status': 'success', 'sources': [], 'count': 0}}

2025-05-28 16:07:13,680 - rss_processor.main - ERROR - Unexpected error: 1 validation errors:
  {'type': 'list_type', 'loc': ('response',), 'msg': 'Input should be a valid list', 'input': {'status': 'success', 'sources': [], 'count': 0}}
Traceback (most recent call last):
  File "/Users/bytedance/code/ask_rss/server/venv/lib/python3.13/site-packages/starlette/middleware/errors.py", line 165, in __call__
    await self.app(scope, receive, _send)
  File "/Users/bytedance/code/ask_rss/server/venv/lib/python3.13/site-packages/starlette/middleware/cors.py", line 93, in __call__
    await self.simple_response(scope, receive, send, request_headers=headers)
  File "/Users/bytedance/code/ask_rss/server/venv/lib/python3.13/site-packages/starlette/middleware/cors.py", line 144, in simple_response
    await self.app(scope, receive, send)
  File "/Users/bytedance/code/ask_rss/server/venv/lib/python3.13/site-packages/starlette/middleware/exceptions.py", line 62, in __call__
    await wrap_app_handling_exceptions(self.app, conn)(scope, receive, send)
  File "/Users/bytedance/code/ask_rss/server/venv/lib/python3.13/site-packages/starlette/_exception_handler.py", line 53, in wrapped_app
    raise exc
  File "/Users/bytedance/code/ask_rss/server/venv/lib/python3.13/site-packages/starlette/_exception_handler.py", line 42, in wrapped_app
    await app(scope, receive, sender)
  File "/Users/bytedance/code/ask_rss/server/venv/lib/python3.13/site-packages/starlette/routing.py", line 714, in __call__
    await self.middleware_stack(scope, receive, send)
  File "/Users/bytedance/code/ask_rss/server/venv/lib/python3.13/site-packages/starlette/routing.py", line 734, in app
    await route.handle(scope, receive, send)
  File "/Users/bytedance/code/ask_rss/server/venv/lib/python3.13/site-packages/starlette/routing.py", line 288, in handle
    await self.app(scope, receive, send)
  File "/Users/bytedance/code/ask_rss/server/venv/lib/python3.13/site-packages/starlette/routing.py", line 76, in app
    await wrap_app_handling_exceptions(app, request)(scope, receive, send)
  File "/Users/bytedance/code/ask_rss/server/venv/lib/python3.13/site-packages/starlette/_exception_handler.py", line 53, in wrapped_app
    raise exc
  File "/Users/bytedance/code/ask_rss/server/venv/lib/python3.13/site-packages/starlette/_exception_handler.py", line 42, in wrapped_app
    await app(scope, receive, sender)
  File "/Users/bytedance/code/ask_rss/server/venv/lib/python3.13/site-packages/starlette/routing.py", line 73, in app
    response = await f(request)
               ^^^^^^^^^^^^^^^^
  File "/Users/bytedance/code/ask_rss/server/venv/lib/python3.13/site-packages/fastapi/routing.py", line 327, in app
    content = await serialize_response(
              ^^^^^^^^^^^^^^^^^^^^^^^^^
    ...<9 lines>...
    )
    ^
  File "/Users/bytedance/code/ask_rss/server/venv/lib/python3.13/site-packages/fastapi/routing.py", line 176, in serialize_response
    raise ResponseValidationError(
        errors=_normalize_errors(errors), body=response_content
    )
fastapi.exceptions.ResponseValidationError: 1 validation errors:
  {'type': 'list_type', 'loc': ('response',), 'msg': 'Input should be a valid list', 'input': {'status': 'success', 'sources': [], 'count': 0}}

2025-05-28 16:08:56,438 - rss_processor.main - ERROR - Unexpected error: 1 validation errors:
  {'type': 'list_type', 'loc': ('response',), 'msg': 'Input should be a valid list', 'input': {'status': 'success', 'sources': [], 'count': 0}}
Traceback (most recent call last):
  File "/Users/bytedance/code/ask_rss/server/venv/lib/python3.13/site-packages/starlette/middleware/errors.py", line 165, in __call__
    await self.app(scope, receive, _send)
  File "/Users/bytedance/code/ask_rss/server/venv/lib/python3.13/site-packages/starlette/middleware/cors.py", line 93, in __call__
    await self.simple_response(scope, receive, send, request_headers=headers)
  File "/Users/bytedance/code/ask_rss/server/venv/lib/python3.13/site-packages/starlette/middleware/cors.py", line 144, in simple_response
    await self.app(scope, receive, send)
  File "/Users/bytedance/code/ask_rss/server/venv/lib/python3.13/site-packages/starlette/middleware/exceptions.py", line 62, in __call__
    await wrap_app_handling_exceptions(self.app, conn)(scope, receive, send)
  File "/Users/bytedance/code/ask_rss/server/venv/lib/python3.13/site-packages/starlette/_exception_handler.py", line 53, in wrapped_app
    raise exc
  File "/Users/bytedance/code/ask_rss/server/venv/lib/python3.13/site-packages/starlette/_exception_handler.py", line 42, in wrapped_app
    await app(scope, receive, sender)
  File "/Users/bytedance/code/ask_rss/server/venv/lib/python3.13/site-packages/starlette/routing.py", line 714, in __call__
    await self.middleware_stack(scope, receive, send)
  File "/Users/bytedance/code/ask_rss/server/venv/lib/python3.13/site-packages/starlette/routing.py", line 734, in app
    await route.handle(scope, receive, send)
  File "/Users/bytedance/code/ask_rss/server/venv/lib/python3.13/site-packages/starlette/routing.py", line 288, in handle
    await self.app(scope, receive, send)
  File "/Users/bytedance/code/ask_rss/server/venv/lib/python3.13/site-packages/starlette/routing.py", line 76, in app
    await wrap_app_handling_exceptions(app, request)(scope, receive, send)
  File "/Users/bytedance/code/ask_rss/server/venv/lib/python3.13/site-packages/starlette/_exception_handler.py", line 53, in wrapped_app
    raise exc
  File "/Users/bytedance/code/ask_rss/server/venv/lib/python3.13/site-packages/starlette/_exception_handler.py", line 42, in wrapped_app
    await app(scope, receive, sender)
  File "/Users/bytedance/code/ask_rss/server/venv/lib/python3.13/site-packages/starlette/routing.py", line 73, in app
    response = await f(request)
               ^^^^^^^^^^^^^^^^
  File "/Users/bytedance/code/ask_rss/server/venv/lib/python3.13/site-packages/fastapi/routing.py", line 327, in app
    content = await serialize_response(
              ^^^^^^^^^^^^^^^^^^^^^^^^^
    ...<9 lines>...
    )
    ^
  File "/Users/bytedance/code/ask_rss/server/venv/lib/python3.13/site-packages/fastapi/routing.py", line 176, in serialize_response
    raise ResponseValidationError(
        errors=_normalize_errors(errors), body=response_content
    )
fastapi.exceptions.ResponseValidationError: 1 validation errors:
  {'type': 'list_type', 'loc': ('response',), 'msg': 'Input should be a valid list', 'input': {'status': 'success', 'sources': [], 'count': 0}}

2025-05-28 16:08:56,836 - rss_processor.main - ERROR - Unexpected error: 1 validation errors:
  {'type': 'list_type', 'loc': ('response',), 'msg': 'Input should be a valid list', 'input': {'status': 'success', 'sources': [], 'count': 0}}
Traceback (most recent call last):
  File "/Users/bytedance/code/ask_rss/server/venv/lib/python3.13/site-packages/starlette/middleware/errors.py", line 165, in __call__
    await self.app(scope, receive, _send)
  File "/Users/bytedance/code/ask_rss/server/venv/lib/python3.13/site-packages/starlette/middleware/cors.py", line 93, in __call__
    await self.simple_response(scope, receive, send, request_headers=headers)
  File "/Users/bytedance/code/ask_rss/server/venv/lib/python3.13/site-packages/starlette/middleware/cors.py", line 144, in simple_response
    await self.app(scope, receive, send)
  File "/Users/bytedance/code/ask_rss/server/venv/lib/python3.13/site-packages/starlette/middleware/exceptions.py", line 62, in __call__
    await wrap_app_handling_exceptions(self.app, conn)(scope, receive, send)
  File "/Users/bytedance/code/ask_rss/server/venv/lib/python3.13/site-packages/starlette/_exception_handler.py", line 53, in wrapped_app
    raise exc
  File "/Users/bytedance/code/ask_rss/server/venv/lib/python3.13/site-packages/starlette/_exception_handler.py", line 42, in wrapped_app
    await app(scope, receive, sender)
  File "/Users/bytedance/code/ask_rss/server/venv/lib/python3.13/site-packages/starlette/routing.py", line 714, in __call__
    await self.middleware_stack(scope, receive, send)
  File "/Users/bytedance/code/ask_rss/server/venv/lib/python3.13/site-packages/starlette/routing.py", line 734, in app
    await route.handle(scope, receive, send)
  File "/Users/bytedance/code/ask_rss/server/venv/lib/python3.13/site-packages/starlette/routing.py", line 288, in handle
    await self.app(scope, receive, send)
  File "/Users/bytedance/code/ask_rss/server/venv/lib/python3.13/site-packages/starlette/routing.py", line 76, in app
    await wrap_app_handling_exceptions(app, request)(scope, receive, send)
  File "/Users/bytedance/code/ask_rss/server/venv/lib/python3.13/site-packages/starlette/_exception_handler.py", line 53, in wrapped_app
    raise exc
  File "/Users/bytedance/code/ask_rss/server/venv/lib/python3.13/site-packages/starlette/_exception_handler.py", line 42, in wrapped_app
    await app(scope, receive, sender)
  File "/Users/bytedance/code/ask_rss/server/venv/lib/python3.13/site-packages/starlette/routing.py", line 73, in app
    response = await f(request)
               ^^^^^^^^^^^^^^^^
  File "/Users/bytedance/code/ask_rss/server/venv/lib/python3.13/site-packages/fastapi/routing.py", line 327, in app
    content = await serialize_response(
              ^^^^^^^^^^^^^^^^^^^^^^^^^
    ...<9 lines>...
    )
    ^
  File "/Users/bytedance/code/ask_rss/server/venv/lib/python3.13/site-packages/fastapi/routing.py", line 176, in serialize_response
    raise ResponseValidationError(
        errors=_normalize_errors(errors), body=response_content
    )
fastapi.exceptions.ResponseValidationError: 1 validation errors:
  {'type': 'list_type', 'loc': ('response',), 'msg': 'Input should be a valid list', 'input': {'status': 'success', 'sources': [], 'count': 0}}

2025-05-28 16:11:41,284 - rss_processor.main - ERROR - Unexpected error: 1 validation errors:
  {'type': 'list_type', 'loc': ('response',), 'msg': 'Input should be a valid list', 'input': {'status': 'success', 'sources': [], 'count': 0}}
Traceback (most recent call last):
  File "/Users/bytedance/code/ask_rss/server/venv/lib/python3.13/site-packages/starlette/middleware/errors.py", line 165, in __call__
    await self.app(scope, receive, _send)
  File "/Users/bytedance/code/ask_rss/server/venv/lib/python3.13/site-packages/starlette/middleware/cors.py", line 93, in __call__
    await self.simple_response(scope, receive, send, request_headers=headers)
  File "/Users/bytedance/code/ask_rss/server/venv/lib/python3.13/site-packages/starlette/middleware/cors.py", line 144, in simple_response
    await self.app(scope, receive, send)
  File "/Users/bytedance/code/ask_rss/server/venv/lib/python3.13/site-packages/starlette/middleware/exceptions.py", line 62, in __call__
    await wrap_app_handling_exceptions(self.app, conn)(scope, receive, send)
  File "/Users/bytedance/code/ask_rss/server/venv/lib/python3.13/site-packages/starlette/_exception_handler.py", line 53, in wrapped_app
    raise exc
  File "/Users/bytedance/code/ask_rss/server/venv/lib/python3.13/site-packages/starlette/_exception_handler.py", line 42, in wrapped_app
    await app(scope, receive, sender)
  File "/Users/bytedance/code/ask_rss/server/venv/lib/python3.13/site-packages/starlette/routing.py", line 714, in __call__
    await self.middleware_stack(scope, receive, send)
  File "/Users/bytedance/code/ask_rss/server/venv/lib/python3.13/site-packages/starlette/routing.py", line 734, in app
    await route.handle(scope, receive, send)
  File "/Users/bytedance/code/ask_rss/server/venv/lib/python3.13/site-packages/starlette/routing.py", line 288, in handle
    await self.app(scope, receive, send)
  File "/Users/bytedance/code/ask_rss/server/venv/lib/python3.13/site-packages/starlette/routing.py", line 76, in app
    await wrap_app_handling_exceptions(app, request)(scope, receive, send)
  File "/Users/bytedance/code/ask_rss/server/venv/lib/python3.13/site-packages/starlette/_exception_handler.py", line 53, in wrapped_app
    raise exc
  File "/Users/bytedance/code/ask_rss/server/venv/lib/python3.13/site-packages/starlette/_exception_handler.py", line 42, in wrapped_app
    await app(scope, receive, sender)
  File "/Users/bytedance/code/ask_rss/server/venv/lib/python3.13/site-packages/starlette/routing.py", line 73, in app
    response = await f(request)
               ^^^^^^^^^^^^^^^^
  File "/Users/bytedance/code/ask_rss/server/venv/lib/python3.13/site-packages/fastapi/routing.py", line 327, in app
    content = await serialize_response(
              ^^^^^^^^^^^^^^^^^^^^^^^^^
    ...<9 lines>...
    )
    ^
  File "/Users/bytedance/code/ask_rss/server/venv/lib/python3.13/site-packages/fastapi/routing.py", line 176, in serialize_response
    raise ResponseValidationError(
        errors=_normalize_errors(errors), body=response_content
    )
fastapi.exceptions.ResponseValidationError: 1 validation errors:
  {'type': 'list_type', 'loc': ('response',), 'msg': 'Input should be a valid list', 'input': {'status': 'success', 'sources': [], 'count': 0}}

2025-05-28 16:11:43,326 - rss_processor.main - ERROR - Unexpected error: 1 validation errors:
  {'type': 'list_type', 'loc': ('response',), 'msg': 'Input should be a valid list', 'input': {'status': 'success', 'sources': [], 'count': 0}}
Traceback (most recent call last):
  File "/Users/bytedance/code/ask_rss/server/venv/lib/python3.13/site-packages/starlette/middleware/errors.py", line 165, in __call__
    await self.app(scope, receive, _send)
  File "/Users/bytedance/code/ask_rss/server/venv/lib/python3.13/site-packages/starlette/middleware/cors.py", line 93, in __call__
    await self.simple_response(scope, receive, send, request_headers=headers)
  File "/Users/bytedance/code/ask_rss/server/venv/lib/python3.13/site-packages/starlette/middleware/cors.py", line 144, in simple_response
    await self.app(scope, receive, send)
  File "/Users/bytedance/code/ask_rss/server/venv/lib/python3.13/site-packages/starlette/middleware/exceptions.py", line 62, in __call__
    await wrap_app_handling_exceptions(self.app, conn)(scope, receive, send)
  File "/Users/bytedance/code/ask_rss/server/venv/lib/python3.13/site-packages/starlette/_exception_handler.py", line 53, in wrapped_app
    raise exc
  File "/Users/bytedance/code/ask_rss/server/venv/lib/python3.13/site-packages/starlette/_exception_handler.py", line 42, in wrapped_app
    await app(scope, receive, sender)
  File "/Users/bytedance/code/ask_rss/server/venv/lib/python3.13/site-packages/starlette/routing.py", line 714, in __call__
    await self.middleware_stack(scope, receive, send)
  File "/Users/bytedance/code/ask_rss/server/venv/lib/python3.13/site-packages/starlette/routing.py", line 734, in app
    await route.handle(scope, receive, send)
  File "/Users/bytedance/code/ask_rss/server/venv/lib/python3.13/site-packages/starlette/routing.py", line 288, in handle
    await self.app(scope, receive, send)
  File "/Users/bytedance/code/ask_rss/server/venv/lib/python3.13/site-packages/starlette/routing.py", line 76, in app
    await wrap_app_handling_exceptions(app, request)(scope, receive, send)
  File "/Users/bytedance/code/ask_rss/server/venv/lib/python3.13/site-packages/starlette/_exception_handler.py", line 53, in wrapped_app
    raise exc
  File "/Users/bytedance/code/ask_rss/server/venv/lib/python3.13/site-packages/starlette/_exception_handler.py", line 42, in wrapped_app
    await app(scope, receive, sender)
  File "/Users/bytedance/code/ask_rss/server/venv/lib/python3.13/site-packages/starlette/routing.py", line 73, in app
    response = await f(request)
               ^^^^^^^^^^^^^^^^
  File "/Users/bytedance/code/ask_rss/server/venv/lib/python3.13/site-packages/fastapi/routing.py", line 327, in app
    content = await serialize_response(
              ^^^^^^^^^^^^^^^^^^^^^^^^^
    ...<9 lines>...
    )
    ^
  File "/Users/bytedance/code/ask_rss/server/venv/lib/python3.13/site-packages/fastapi/routing.py", line 176, in serialize_response
    raise ResponseValidationError(
        errors=_normalize_errors(errors), body=response_content
    )
fastapi.exceptions.ResponseValidationError: 1 validation errors:
  {'type': 'list_type', 'loc': ('response',), 'msg': 'Input should be a valid list', 'input': {'status': 'success', 'sources': [], 'count': 0}}

2025-05-28 16:11:46,701 - rss_processor.main - ERROR - Unexpected error: 1 validation errors:
  {'type': 'list_type', 'loc': ('response',), 'msg': 'Input should be a valid list', 'input': {'status': 'success', 'sources': [], 'count': 0}}
Traceback (most recent call last):
  File "/Users/bytedance/code/ask_rss/server/venv/lib/python3.13/site-packages/starlette/middleware/errors.py", line 165, in __call__
    await self.app(scope, receive, _send)
  File "/Users/bytedance/code/ask_rss/server/venv/lib/python3.13/site-packages/starlette/middleware/cors.py", line 93, in __call__
    await self.simple_response(scope, receive, send, request_headers=headers)
  File "/Users/bytedance/code/ask_rss/server/venv/lib/python3.13/site-packages/starlette/middleware/cors.py", line 144, in simple_response
    await self.app(scope, receive, send)
  File "/Users/bytedance/code/ask_rss/server/venv/lib/python3.13/site-packages/starlette/middleware/exceptions.py", line 62, in __call__
    await wrap_app_handling_exceptions(self.app, conn)(scope, receive, send)
  File "/Users/bytedance/code/ask_rss/server/venv/lib/python3.13/site-packages/starlette/_exception_handler.py", line 53, in wrapped_app
    raise exc
  File "/Users/bytedance/code/ask_rss/server/venv/lib/python3.13/site-packages/starlette/_exception_handler.py", line 42, in wrapped_app
    await app(scope, receive, sender)
  File "/Users/bytedance/code/ask_rss/server/venv/lib/python3.13/site-packages/starlette/routing.py", line 714, in __call__
    await self.middleware_stack(scope, receive, send)
  File "/Users/bytedance/code/ask_rss/server/venv/lib/python3.13/site-packages/starlette/routing.py", line 734, in app
    await route.handle(scope, receive, send)
  File "/Users/bytedance/code/ask_rss/server/venv/lib/python3.13/site-packages/starlette/routing.py", line 288, in handle
    await self.app(scope, receive, send)
  File "/Users/bytedance/code/ask_rss/server/venv/lib/python3.13/site-packages/starlette/routing.py", line 76, in app
    await wrap_app_handling_exceptions(app, request)(scope, receive, send)
  File "/Users/bytedance/code/ask_rss/server/venv/lib/python3.13/site-packages/starlette/_exception_handler.py", line 53, in wrapped_app
    raise exc
  File "/Users/bytedance/code/ask_rss/server/venv/lib/python3.13/site-packages/starlette/_exception_handler.py", line 42, in wrapped_app
    await app(scope, receive, sender)
  File "/Users/bytedance/code/ask_rss/server/venv/lib/python3.13/site-packages/starlette/routing.py", line 73, in app
    response = await f(request)
               ^^^^^^^^^^^^^^^^
  File "/Users/bytedance/code/ask_rss/server/venv/lib/python3.13/site-packages/fastapi/routing.py", line 327, in app
    content = await serialize_response(
              ^^^^^^^^^^^^^^^^^^^^^^^^^
    ...<9 lines>...
    )
    ^
  File "/Users/bytedance/code/ask_rss/server/venv/lib/python3.13/site-packages/fastapi/routing.py", line 176, in serialize_response
    raise ResponseValidationError(
        errors=_normalize_errors(errors), body=response_content
    )
fastapi.exceptions.ResponseValidationError: 1 validation errors:
  {'type': 'list_type', 'loc': ('response',), 'msg': 'Input should be a valid list', 'input': {'status': 'success', 'sources': [], 'count': 0}}

2025-05-28 16:11:47,726 - rss_processor.main - ERROR - Unexpected error: 1 validation errors:
  {'type': 'list_type', 'loc': ('response',), 'msg': 'Input should be a valid list', 'input': {'status': 'success', 'sources': [], 'count': 0}}
Traceback (most recent call last):
  File "/Users/bytedance/code/ask_rss/server/venv/lib/python3.13/site-packages/starlette/middleware/errors.py", line 165, in __call__
    await self.app(scope, receive, _send)
  File "/Users/bytedance/code/ask_rss/server/venv/lib/python3.13/site-packages/starlette/middleware/cors.py", line 93, in __call__
    await self.simple_response(scope, receive, send, request_headers=headers)
  File "/Users/bytedance/code/ask_rss/server/venv/lib/python3.13/site-packages/starlette/middleware/cors.py", line 144, in simple_response
    await self.app(scope, receive, send)
  File "/Users/bytedance/code/ask_rss/server/venv/lib/python3.13/site-packages/starlette/middleware/exceptions.py", line 62, in __call__
    await wrap_app_handling_exceptions(self.app, conn)(scope, receive, send)
  File "/Users/bytedance/code/ask_rss/server/venv/lib/python3.13/site-packages/starlette/_exception_handler.py", line 53, in wrapped_app
    raise exc
  File "/Users/bytedance/code/ask_rss/server/venv/lib/python3.13/site-packages/starlette/_exception_handler.py", line 42, in wrapped_app
    await app(scope, receive, sender)
  File "/Users/bytedance/code/ask_rss/server/venv/lib/python3.13/site-packages/starlette/routing.py", line 714, in __call__
    await self.middleware_stack(scope, receive, send)
  File "/Users/bytedance/code/ask_rss/server/venv/lib/python3.13/site-packages/starlette/routing.py", line 734, in app
    await route.handle(scope, receive, send)
  File "/Users/bytedance/code/ask_rss/server/venv/lib/python3.13/site-packages/starlette/routing.py", line 288, in handle
    await self.app(scope, receive, send)
  File "/Users/bytedance/code/ask_rss/server/venv/lib/python3.13/site-packages/starlette/routing.py", line 76, in app
    await wrap_app_handling_exceptions(app, request)(scope, receive, send)
  File "/Users/bytedance/code/ask_rss/server/venv/lib/python3.13/site-packages/starlette/_exception_handler.py", line 53, in wrapped_app
    raise exc
  File "/Users/bytedance/code/ask_rss/server/venv/lib/python3.13/site-packages/starlette/_exception_handler.py", line 42, in wrapped_app
    await app(scope, receive, sender)
  File "/Users/bytedance/code/ask_rss/server/venv/lib/python3.13/site-packages/starlette/routing.py", line 73, in app
    response = await f(request)
               ^^^^^^^^^^^^^^^^
  File "/Users/bytedance/code/ask_rss/server/venv/lib/python3.13/site-packages/fastapi/routing.py", line 327, in app
    content = await serialize_response(
              ^^^^^^^^^^^^^^^^^^^^^^^^^
    ...<9 lines>...
    )
    ^
  File "/Users/bytedance/code/ask_rss/server/venv/lib/python3.13/site-packages/fastapi/routing.py", line 176, in serialize_response
    raise ResponseValidationError(
        errors=_normalize_errors(errors), body=response_content
    )
fastapi.exceptions.ResponseValidationError: 1 validation errors:
  {'type': 'list_type', 'loc': ('response',), 'msg': 'Input should be a valid list', 'input': {'status': 'success', 'sources': [], 'count': 0}}

2025-05-28 16:11:49,735 - rss_processor.main - ERROR - Unexpected error: 1 validation errors:
  {'type': 'list_type', 'loc': ('response',), 'msg': 'Input should be a valid list', 'input': {'status': 'success', 'sources': [], 'count': 0}}
Traceback (most recent call last):
  File "/Users/bytedance/code/ask_rss/server/venv/lib/python3.13/site-packages/starlette/middleware/errors.py", line 165, in __call__
    await self.app(scope, receive, _send)
  File "/Users/bytedance/code/ask_rss/server/venv/lib/python3.13/site-packages/starlette/middleware/cors.py", line 93, in __call__
    await self.simple_response(scope, receive, send, request_headers=headers)
  File "/Users/bytedance/code/ask_rss/server/venv/lib/python3.13/site-packages/starlette/middleware/cors.py", line 144, in simple_response
    await self.app(scope, receive, send)
  File "/Users/bytedance/code/ask_rss/server/venv/lib/python3.13/site-packages/starlette/middleware/exceptions.py", line 62, in __call__
    await wrap_app_handling_exceptions(self.app, conn)(scope, receive, send)
  File "/Users/bytedance/code/ask_rss/server/venv/lib/python3.13/site-packages/starlette/_exception_handler.py", line 53, in wrapped_app
    raise exc
  File "/Users/bytedance/code/ask_rss/server/venv/lib/python3.13/site-packages/starlette/_exception_handler.py", line 42, in wrapped_app
    await app(scope, receive, sender)
  File "/Users/bytedance/code/ask_rss/server/venv/lib/python3.13/site-packages/starlette/routing.py", line 714, in __call__
    await self.middleware_stack(scope, receive, send)
  File "/Users/bytedance/code/ask_rss/server/venv/lib/python3.13/site-packages/starlette/routing.py", line 734, in app
    await route.handle(scope, receive, send)
  File "/Users/bytedance/code/ask_rss/server/venv/lib/python3.13/site-packages/starlette/routing.py", line 288, in handle
    await self.app(scope, receive, send)
  File "/Users/bytedance/code/ask_rss/server/venv/lib/python3.13/site-packages/starlette/routing.py", line 76, in app
    await wrap_app_handling_exceptions(app, request)(scope, receive, send)
  File "/Users/bytedance/code/ask_rss/server/venv/lib/python3.13/site-packages/starlette/_exception_handler.py", line 53, in wrapped_app
    raise exc
  File "/Users/bytedance/code/ask_rss/server/venv/lib/python3.13/site-packages/starlette/_exception_handler.py", line 42, in wrapped_app
    await app(scope, receive, sender)
  File "/Users/bytedance/code/ask_rss/server/venv/lib/python3.13/site-packages/starlette/routing.py", line 73, in app
    response = await f(request)
               ^^^^^^^^^^^^^^^^
  File "/Users/bytedance/code/ask_rss/server/venv/lib/python3.13/site-packages/fastapi/routing.py", line 327, in app
    content = await serialize_response(
              ^^^^^^^^^^^^^^^^^^^^^^^^^
    ...<9 lines>...
    )
    ^
  File "/Users/bytedance/code/ask_rss/server/venv/lib/python3.13/site-packages/fastapi/routing.py", line 176, in serialize_response
    raise ResponseValidationError(
        errors=_normalize_errors(errors), body=response_content
    )
fastapi.exceptions.ResponseValidationError: 1 validation errors:
  {'type': 'list_type', 'loc': ('response',), 'msg': 'Input should be a valid list', 'input': {'status': 'success', 'sources': [], 'count': 0}}

2025-05-28 16:11:53,745 - rss_processor.main - ERROR - Unexpected error: 1 validation errors:
  {'type': 'list_type', 'loc': ('response',), 'msg': 'Input should be a valid list', 'input': {'status': 'success', 'sources': [], 'count': 0}}
Traceback (most recent call last):
  File "/Users/bytedance/code/ask_rss/server/venv/lib/python3.13/site-packages/starlette/middleware/errors.py", line 165, in __call__
    await self.app(scope, receive, _send)
  File "/Users/bytedance/code/ask_rss/server/venv/lib/python3.13/site-packages/starlette/middleware/cors.py", line 93, in __call__
    await self.simple_response(scope, receive, send, request_headers=headers)
  File "/Users/bytedance/code/ask_rss/server/venv/lib/python3.13/site-packages/starlette/middleware/cors.py", line 144, in simple_response
    await self.app(scope, receive, send)
  File "/Users/bytedance/code/ask_rss/server/venv/lib/python3.13/site-packages/starlette/middleware/exceptions.py", line 62, in __call__
    await wrap_app_handling_exceptions(self.app, conn)(scope, receive, send)
  File "/Users/bytedance/code/ask_rss/server/venv/lib/python3.13/site-packages/starlette/_exception_handler.py", line 53, in wrapped_app
    raise exc
  File "/Users/bytedance/code/ask_rss/server/venv/lib/python3.13/site-packages/starlette/_exception_handler.py", line 42, in wrapped_app
    await app(scope, receive, sender)
  File "/Users/bytedance/code/ask_rss/server/venv/lib/python3.13/site-packages/starlette/routing.py", line 714, in __call__
    await self.middleware_stack(scope, receive, send)
  File "/Users/bytedance/code/ask_rss/server/venv/lib/python3.13/site-packages/starlette/routing.py", line 734, in app
    await route.handle(scope, receive, send)
  File "/Users/bytedance/code/ask_rss/server/venv/lib/python3.13/site-packages/starlette/routing.py", line 288, in handle
    await self.app(scope, receive, send)
  File "/Users/bytedance/code/ask_rss/server/venv/lib/python3.13/site-packages/starlette/routing.py", line 76, in app
    await wrap_app_handling_exceptions(app, request)(scope, receive, send)
  File "/Users/bytedance/code/ask_rss/server/venv/lib/python3.13/site-packages/starlette/_exception_handler.py", line 53, in wrapped_app
    raise exc
  File "/Users/bytedance/code/ask_rss/server/venv/lib/python3.13/site-packages/starlette/_exception_handler.py", line 42, in wrapped_app
    await app(scope, receive, sender)
  File "/Users/bytedance/code/ask_rss/server/venv/lib/python3.13/site-packages/starlette/routing.py", line 73, in app
    response = await f(request)
               ^^^^^^^^^^^^^^^^
  File "/Users/bytedance/code/ask_rss/server/venv/lib/python3.13/site-packages/fastapi/routing.py", line 327, in app
    content = await serialize_response(
              ^^^^^^^^^^^^^^^^^^^^^^^^^
    ...<9 lines>...
    )
    ^
  File "/Users/bytedance/code/ask_rss/server/venv/lib/python3.13/site-packages/fastapi/routing.py", line 176, in serialize_response
    raise ResponseValidationError(
        errors=_normalize_errors(errors), body=response_content
    )
fastapi.exceptions.ResponseValidationError: 1 validation errors:
  {'type': 'list_type', 'loc': ('response',), 'msg': 'Input should be a valid list', 'input': {'status': 'success', 'sources': [], 'count': 0}}

2025-05-28 16:49:34,104 - sentence_transformers.SentenceTransformer - INFO - Load pretrained SentenceTransformer: all-MiniLM-L6-v2
2025-05-28 16:49:40,187 - huggingface_hub.file_download - WARNING - Xet Storage is enabled for this repo, but the 'hf_xet' package is not installed. Falling back to regular HTTP download. For better performance, install the package with: `pip install huggingface_hub[hf_xet]` or `pip install hf_xet`
2025-05-28 16:49:56,795 - rss_processor.processor - ERROR - Error in search: 'coroutine' object is not subscriptable
2025-05-28 16:52:38,117 - sentence_transformers.SentenceTransformer - INFO - Load pretrained SentenceTransformer: all-MiniLM-L6-v2
2025-05-28 16:52:43,837 - rss_processor.processor - ERROR - Error loading dataset ShawFay/ask_rss_datasets:ask_rss_datasets: Couldn't find any data file at /Users/bytedance/code/ask_rss/server/ShawFay/ask_rss_datasets/ask_rss_datasets.
2025-05-28 16:52:43,837 - rss_processor.processor - ERROR - Error in search: Couldn't find any data file at /Users/bytedance/code/ask_rss/server/ShawFay/ask_rss_datasets/ask_rss_datasets.
2025-05-28 16:55:28,106 - rss_processor.processor - INFO - Listing datasets from repository: ShawFay/ask_rss_datasets
2025-05-28 16:55:28,110 - rss_processor.processor - ERROR - Error listing datasets from Hugging Face: object of type 'generator' has no len()
2025-05-28 16:55:32,607 - sentence_transformers.SentenceTransformer - INFO - Load pretrained SentenceTransformer: all-MiniLM-L6-v2
2025-05-28 16:55:48,220 - rss_processor.processor - WARNING - Error calculating similarity: shapes (768,) and (384,) not aligned: 768 (dim 0) != 384 (dim 0)
2025-05-28 16:55:48,220 - rss_processor.processor - WARNING - Error calculating similarity: shapes (768,) and (384,) not aligned: 768 (dim 0) != 384 (dim 0)
2025-05-28 16:55:48,220 - rss_processor.processor - WARNING - Error calculating similarity: shapes (768,) and (384,) not aligned: 768 (dim 0) != 384 (dim 0)
2025-05-28 16:55:48,220 - rss_processor.processor - WARNING - Error calculating similarity: shapes (768,) and (384,) not aligned: 768 (dim 0) != 384 (dim 0)
2025-05-28 16:55:48,220 - rss_processor.processor - WARNING - Error calculating similarity: shapes (768,) and (384,) not aligned: 768 (dim 0) != 384 (dim 0)
2025-05-28 16:55:48,220 - rss_processor.processor - WARNING - Error calculating similarity: shapes (768,) and (384,) not aligned: 768 (dim 0) != 384 (dim 0)
2025-05-28 16:55:48,220 - rss_processor.processor - WARNING - Error calculating similarity: shapes (768,) and (384,) not aligned: 768 (dim 0) != 384 (dim 0)
2025-05-28 16:55:48,220 - rss_processor.processor - WARNING - Error calculating similarity: shapes (768,) and (384,) not aligned: 768 (dim 0) != 384 (dim 0)
2025-05-28 16:55:48,220 - rss_processor.processor - WARNING - Error calculating similarity: shapes (768,) and (384,) not aligned: 768 (dim 0) != 384 (dim 0)
2025-05-28 16:55:48,220 - rss_processor.processor - WARNING - Error calculating similarity: shapes (768,) and (384,) not aligned: 768 (dim 0) != 384 (dim 0)
2025-05-28 16:55:48,220 - rss_processor.processor - WARNING - Error calculating similarity: shapes (768,) and (384,) not aligned: 768 (dim 0) != 384 (dim 0)
2025-05-28 16:55:48,220 - rss_processor.processor - WARNING - Error calculating similarity: shapes (768,) and (384,) not aligned: 768 (dim 0) != 384 (dim 0)
2025-05-28 16:55:48,220 - rss_processor.processor - WARNING - Error calculating similarity: shapes (768,) and (384,) not aligned: 768 (dim 0) != 384 (dim 0)
2025-05-28 16:55:48,221 - rss_processor.processor - WARNING - Error calculating similarity: shapes (768,) and (384,) not aligned: 768 (dim 0) != 384 (dim 0)
2025-05-28 16:55:48,221 - rss_processor.processor - WARNING - Error calculating similarity: shapes (768,) and (384,) not aligned: 768 (dim 0) != 384 (dim 0)
2025-05-28 16:55:48,221 - rss_processor.processor - WARNING - Error calculating similarity: shapes (768,) and (384,) not aligned: 768 (dim 0) != 384 (dim 0)
2025-05-28 16:55:48,221 - rss_processor.processor - WARNING - Error calculating similarity: shapes (768,) and (384,) not aligned: 768 (dim 0) != 384 (dim 0)
2025-05-28 16:55:48,221 - rss_processor.processor - WARNING - Error calculating similarity: shapes (768,) and (384,) not aligned: 768 (dim 0) != 384 (dim 0)
2025-05-28 16:55:48,221 - rss_processor.processor - WARNING - Error calculating similarity: shapes (768,) and (384,) not aligned: 768 (dim 0) != 384 (dim 0)
2025-05-28 16:55:48,221 - rss_processor.processor - WARNING - Error calculating similarity: shapes (768,) and (384,) not aligned: 768 (dim 0) != 384 (dim 0)
2025-05-28 16:56:34,839 - rss_processor.processor - ERROR - Error loading dataset https://blog.google/rss/: Couldn't find any data file at /Users/bytedance/code/ask_rss/server/https:/blog.google/rss.
2025-05-28 16:56:34,840 - rss_processor.processor - ERROR - Error in search: Couldn't find any data file at /Users/bytedance/code/ask_rss/server/https:/blog.google/rss.
2025-05-28 17:03:36,102 - rss_processor.processor - ERROR - Error loading dataset https://blog.google/rss/: Couldn't find any data file at /Users/bytedance/code/ask_rss/server/https:/blog.google/rss.
2025-05-28 17:03:36,103 - rss_processor.processor - ERROR - Error in search: Couldn't find any data file at /Users/bytedance/code/ask_rss/server/https:/blog.google/rss.
2025-05-28 17:05:00,230 - rss_processor.processor - INFO - Listing datasets from repository: ShawFay/ask_rss_datasets
2025-05-28 17:05:00,231 - rss_processor.processor - ERROR - Error listing datasets from Hugging Face: object of type 'generator' has no len()
2025-05-28 17:05:02,381 - rss_processor.processor - INFO - Listing datasets from repository: ShawFay/ask_rss_datasets
2025-05-28 17:05:02,382 - rss_processor.processor - ERROR - Error listing datasets from Hugging Face: object of type 'generator' has no len()
2025-05-28 17:05:10,139 - rss_processor.processor - INFO - Listing datasets from repository: ShawFay/ask_rss_datasets
2025-05-28 17:05:10,140 - rss_processor.processor - ERROR - Error listing datasets from Hugging Face: object of type 'generator' has no len()
2025-05-28 17:05:46,243 - rss_processor.processor - INFO - Listing datasets from repository: ShawFay/ask_rss_datasets
2025-05-28 17:05:46,616 - rss_processor.processor - INFO - Found 1 datasets
2025-05-28 17:05:46,616 - rss_processor.processor - INFO - Filtering for repo: ask_rss_datasets
2025-05-28 17:05:46,616 - rss_processor.processor - INFO - Found dataset: ask_rss_datasets
2025-05-28 17:05:46,616 - rss_processor.processor - ERROR - Error processing dataset ShawFay/ask_rss_datasets: 'DatasetInfo' object has no attribute 'size'
2025-05-28 17:06:19,695 - rss_processor.processor - INFO - Listing datasets from repository: ShawFay/ask_rss_datasets
2025-05-28 17:06:20,070 - rss_processor.processor - INFO - Found 1 datasets
2025-05-28 17:06:20,070 - rss_processor.processor - INFO - Filtering for repo: ask_rss_datasets
2025-05-28 17:06:20,070 - rss_processor.processor - INFO - Found dataset: ask_rss_datasets
2025-05-28 17:06:20,070 - rss_processor.processor - ERROR - Error processing dataset ShawFay/ask_rss_datasets: 'DatasetInfo' object has no attribute 'size'
2025-05-28 17:06:59,117 - rss_processor.processor - INFO - Listing datasets from repository: ShawFay/ask_rss_datasets
2025-05-28 17:07:02,579 - rss_processor.processor - INFO - Found 1 datasets
2025-05-28 17:07:02,579 - rss_processor.processor - INFO - Filtering for repo: ask_rss_datasets
2025-05-28 17:07:02,579 - rss_processor.processor - INFO - Found dataset: ask_rss_datasets
2025-05-28 17:07:02,579 - rss_processor.processor - INFO - Added source: ask_rss_datasets
2025-05-28 17:08:31,617 - rss_processor.processor - INFO - Listing datasets from repository: ShawFay/ask_rss_datasets
2025-05-28 17:08:31,992 - rss_processor.processor - INFO - Found 1 datasets
2025-05-28 17:08:31,992 - rss_processor.processor - INFO - Filtering for repo: ask_rss_datasets
2025-05-28 17:08:31,992 - rss_processor.processor - INFO - Found dataset: ask_rss_datasets
2025-05-28 17:08:31,993 - rss_processor.processor - INFO - Added source: ask_rss_datasets
2025-05-28 17:08:39,397 - sentence_transformers.SentenceTransformer - INFO - Load pretrained SentenceTransformer: all-mpnet-base-v2
2025-05-28 17:08:52,528 - rss_processor.processor - INFO - Listing datasets from repository: ShawFay/ask_rss_datasets
2025-05-28 17:08:52,988 - rss_processor.processor - INFO - Found 1 datasets
2025-05-28 17:08:52,988 - rss_processor.processor - INFO - Filtering for repo: ask_rss_datasets
2025-05-28 17:08:52,988 - rss_processor.processor - INFO - Found dataset: ask_rss_datasets
2025-05-28 17:08:52,988 - rss_processor.processor - INFO - Added source: ask_rss_datasets
2025-05-28 17:22:09,448 - rss_processor.processor - INFO - Listing datasets from repository: ShawFay/ask_rss_datasets
2025-05-28 17:22:10,421 - rss_processor.processor - INFO - Found 1 datasets
2025-05-28 17:22:10,421 - rss_processor.processor - INFO - Filtering for repo: ask_rss_datasets
2025-05-28 17:22:10,421 - rss_processor.processor - INFO - Found dataset: ask_rss_datasets
2025-05-28 17:22:10,422 - rss_processor.processor - INFO - Added source: ask_rss_datasets
2025-05-28 17:22:30,301 - rss_processor.processor - INFO - Listing datasets from repository: ShawFay/ask_rss_datasets
2025-05-28 17:22:30,671 - rss_processor.processor - INFO - Found 1 datasets
2025-05-28 17:22:30,671 - rss_processor.processor - INFO - Filtering for repo: ask_rss_datasets
2025-05-28 17:22:30,671 - rss_processor.processor - INFO - Found dataset: ask_rss_datasets
2025-05-28 17:22:30,671 - rss_processor.processor - INFO - Added source: ask_rss_datasets
2025-05-28 17:22:42,740 - sentence_transformers.SentenceTransformer - INFO - Load pretrained SentenceTransformer: all-mpnet-base-v2
2025-05-28 17:22:54,617 - huggingface_hub.hf_api - WARNING - No files have been modified since last commit. Skipping to prevent empty commit.
2025-05-28 17:22:55,202 - rss_processor.processor - INFO - Listing datasets from repository: ShawFay/ask_rss_datasets
2025-05-28 17:22:55,581 - rss_processor.processor - INFO - Found 1 datasets
2025-05-28 17:22:55,581 - rss_processor.processor - INFO - Filtering for repo: ask_rss_datasets
2025-05-28 17:22:55,581 - rss_processor.processor - INFO - Found dataset: ask_rss_datasets
2025-05-28 17:22:55,581 - rss_processor.processor - INFO - Added source: ask_rss_datasets
2025-05-28 17:27:36,662 - sentence_transformers.SentenceTransformer - INFO - Load pretrained SentenceTransformer: all-mpnet-base-v2
2025-05-28 17:27:46,090 - huggingface_hub.hf_api - WARNING - No files have been modified since last commit. Skipping to prevent empty commit.
2025-05-28 17:27:48,418 - rss_processor.processor - INFO - Listing datasets from repository: ShawFay/ask_rss_datasets
2025-05-28 17:27:48,766 - rss_processor.processor - INFO - Found 1 datasets
2025-05-28 17:27:48,766 - rss_processor.processor - INFO - Filtering for repo: ask_rss_datasets
2025-05-28 17:27:48,766 - rss_processor.processor - INFO - Found dataset: ask_rss_datasets
2025-05-28 17:27:48,766 - rss_processor.processor - INFO - Added source: ask_rss_datasets
2025-05-28 17:28:23,946 - sentence_transformers.SentenceTransformer - INFO - Load pretrained SentenceTransformer: all-mpnet-base-v2
2025-05-28 17:28:41,332 - rss_processor.processor - INFO - Listing datasets from repository: ShawFay/ask_rss_datasets
2025-05-28 17:28:41,738 - rss_processor.processor - INFO - Found 1 datasets
2025-05-28 17:28:41,738 - rss_processor.processor - INFO - Filtering for repo: ask_rss_datasets
2025-05-28 17:28:41,738 - rss_processor.processor - INFO - Found dataset: ask_rss_datasets
2025-05-28 17:28:41,738 - rss_processor.processor - INFO - Added source: ask_rss_datasets
2025-05-28 17:29:05,636 - rss_processor.processor - INFO - Listing datasets from repository: ShawFay/ask_rss_datasets
2025-05-28 17:29:05,995 - rss_processor.processor - INFO - Found 1 datasets
2025-05-28 17:29:05,996 - rss_processor.processor - INFO - Filtering for repo: ask_rss_datasets
2025-05-28 17:29:05,996 - rss_processor.processor - INFO - Found dataset: ask_rss_datasets
2025-05-28 17:29:05,996 - rss_processor.processor - INFO - Added source: ask_rss_datasets
2025-05-28 17:40:07,359 - rss_processor.processor - INFO - Listing datasets from repository: ShawFay/ask_rss_datasets
2025-05-28 17:40:08,227 - rss_processor.processor - INFO - Found 1 datasets
2025-05-28 17:40:08,227 - rss_processor.processor - INFO - Filtering for repo: ask_rss_datasets
2025-05-28 17:40:08,227 - rss_processor.processor - INFO - Found dataset: ask_rss_datasets
2025-05-28 17:40:08,227 - rss_processor.processor - INFO - Added source: ask_rss_datasets
2025-05-28 17:40:15,097 - sentence_transformers.SentenceTransformer - INFO - Load pretrained SentenceTransformer: all-mpnet-base-v2
2025-05-28 17:40:31,954 - huggingface_hub.hf_api - WARNING - No files have been modified since last commit. Skipping to prevent empty commit.
2025-05-28 17:40:32,304 - rss_processor.processor - INFO - Listing datasets from repository: ShawFay/ask_rss_datasets
2025-05-28 17:40:32,662 - rss_processor.processor - INFO - Found 1 datasets
2025-05-28 17:40:32,662 - rss_processor.processor - INFO - Filtering for repo: ask_rss_datasets
2025-05-28 17:40:32,663 - rss_processor.processor - INFO - Found dataset: ask_rss_datasets
2025-05-28 17:40:32,663 - rss_processor.processor - INFO - Added source: ask_rss_datasets
2025-05-28 17:42:56,198 - rss_processor.processor - INFO - Listing datasets from repository: ShawFay/ask_rss_datasets
2025-05-28 17:42:56,582 - rss_processor.processor - INFO - Found 1 datasets
2025-05-28 17:42:56,582 - rss_processor.processor - INFO - Filtering for repo: ask_rss_datasets
2025-05-28 17:42:56,582 - rss_processor.processor - INFO - Found dataset: ask_rss_datasets
2025-05-28 17:42:56,582 - rss_processor.processor - INFO - Added source: ask_rss_datasets
2025-05-28 17:53:15,148 - sentence_transformers.SentenceTransformer - INFO - Load pretrained SentenceTransformer: all-mpnet-base-v2
2025-05-28 17:53:26,430 - huggingface_hub.hf_api - WARNING - No files have been modified since last commit. Skipping to prevent empty commit.
2025-05-28 17:55:26,752 - rss_processor.processor - INFO - Looking for datasets in local cache directory: /Users/bytedance/code/ask_rss/server/datasets
2025-05-28 17:55:26,753 - rss_processor.processor - INFO - Found 0 parquet files in datasets
2025-05-28 17:55:53,797 - rss_processor.processor - INFO - Looking for datasets in local cache directory: /Users/bytedance/code/ask_rss/server/datasets
2025-05-28 17:55:53,799 - rss_processor.processor - INFO - Found 0 parquet files in datasets
2025-05-28 18:01:41,041 - rss_processor.processor - INFO - Listing sources from Hugging Face repo: ShawFay/ask_rss_datasets
2025-05-28 18:01:41,042 - rss_processor.processor - INFO - Fetching datasets from Hugging Face - Author: ShawFay, Search: ask_rss_datasets
2025-05-28 18:01:41,393 - rss_processor.processor - INFO - Found 1 datasets from Hugging Face
2025-05-28 18:01:41,393 - rss_processor.processor - INFO - Looking for datasets in local cache directory: /Users/bytedance/code/ask_rss/server/datasets
2025-05-28 18:01:41,395 - rss_processor.processor - INFO - Found 0 parquet files in datasets
